<?xml version="1.0" encoding="UTF-8"?>
<!-- Generated by org.testng.reporters.JUnitReportReporter -->
<testsuite hostname="DESKTOP-DN2I7S5" failures="0" tests="1" name="TestPakage.AmazonTest" time="40.476" errors="0" timestamp="2024-05-09T13:11:34 IST" skipped="0">
  <testcase classname="TestPakage.AmazonTest" name="Search" time="40.476"/>
</testsuite> <!-- TestPakage.AmazonTest -->
